<?xml version="1.0" encoding="UTF-8"?>
<!-- Generated by org.testng.reporters.JUnitXMLReporter -->
<testsuite hostname="NB-106" failures="1" tests="1" name="Nopackage" time="0.027" errors="0" timestamp="4 Apr 2018 12:05:53 GMT">
  <testcase classname="ua.aqa.aqa" name="gotoSeleniumWikiPageFailure" time="0.007">
    <failure type="java.lang.NullPointerException">
      <![CDATA[java.lang.NullPointerException
	at ua.aqa.aqa.gotoSeleniumWikiPageFailure(aqa.java:41)
... Removed 28 stack frames]]>
    </failure>
  </testcase> <!-- gotoSeleniumWikiPageFailure -->
</testsuite> <!-- Nopackage -->
